<?xml version="1.0" encoding="UTF-8"?>
<!-- Generated by org.testng.reporters.JUnitReportReporter -->
<testsuite hostname="IMAXIT" name="TestCase" tests="1" failures="0" timestamp="14 Sep 2019 16:22:49 GMT" time="6.058" errors="0">
  <testcase name="testCase" time="6.058" classname="TestCase"/>
</testsuite> <!-- TestCase -->
